0 info it worked if it ends with ok
1 verbose cli [ '/usr/local/bin/node',
1 verbose cli   '/usr/local/bin/npm',
1 verbose cli   'i',
1 verbose cli   'dot',
1 verbose cli   '--save-dev' ]
2 info using npm@3.10.3
3 info using node@v6.6.0
4 silly loadCurrentTree Starting
5 silly install loadCurrentTree
6 silly install readLocalPackageData
7 silly fetchPackageMetaData dot
8 silly fetchNamedPackageData dot
9 silly mapToRegistry name dot
10 silly mapToRegistry using default registry
11 silly mapToRegistry registry https://registry.npmjs.org/
12 silly mapToRegistry data Result {
12 silly mapToRegistry   raw: 'dot',
12 silly mapToRegistry   scope: null,
12 silly mapToRegistry   escapedName: 'dot',
12 silly mapToRegistry   name: 'dot',
12 silly mapToRegistry   rawSpec: '',
12 silly mapToRegistry   spec: 'latest',
12 silly mapToRegistry   type: 'tag' }
13 silly mapToRegistry uri https://registry.npmjs.org/dot
14 verbose request uri https://registry.npmjs.org/dot
15 verbose request no auth needed
16 info attempt registry request try #1 at 16:23:18
17 verbose request id 0bab09c676cebac7
18 verbose etag W/"581f1988-5bf8"
19 verbose lastModified Sun, 06 Nov 2016 11:52:40 GMT
20 http request GET https://registry.npmjs.org/dot
21 http 304 https://registry.npmjs.org/dot
22 verbose headers { date: 'Thu, 08 Dec 2016 08:23:20 GMT',
22 verbose headers   via: '1.1 varnish',
22 verbose headers   'cache-control': 'max-age=300',
22 verbose headers   etag: 'W/"581f1988-5bf8"',
22 verbose headers   age: '0',
22 verbose headers   connection: 'keep-alive',
22 verbose headers   'x-served-by': 'cache-ams4133-AMS',
22 verbose headers   'x-cache': 'HIT',
22 verbose headers   'x-cache-hits': '1',
22 verbose headers   'x-timer': 'S1481185400.748472,VS0,VE7',
22 verbose headers   vary: 'Accept-Encoding' }
23 silly get cb [ 304,
23 silly get   { date: 'Thu, 08 Dec 2016 08:23:20 GMT',
23 silly get     via: '1.1 varnish',
23 silly get     'cache-control': 'max-age=300',
23 silly get     etag: 'W/"581f1988-5bf8"',
23 silly get     age: '0',
23 silly get     connection: 'keep-alive',
23 silly get     'x-served-by': 'cache-ams4133-AMS',
23 silly get     'x-cache': 'HIT',
23 silly get     'x-cache-hits': '1',
23 silly get     'x-timer': 'S1481185400.748472,VS0,VE7',
23 silly get     vary: 'Accept-Encoding' } ]
24 verbose etag https://registry.npmjs.org/dot from cache
25 verbose get saving dot to /Users/cheft/.npm/registry.npmjs.org/dot/.cache.json
26 verbose correctMkdir /Users/cheft/.npm correctMkdir not in flight; initializing
27 silly install normalizeTree
28 silly loadCurrentTree Finishing
29 silly loadIdealTree Starting
30 silly install loadIdealTree
31 silly cloneCurrentTree Starting
32 silly install cloneCurrentTreeToIdealTree
33 silly cloneCurrentTree Finishing
34 silly loadShrinkwrap Starting
35 silly install loadShrinkwrap
36 silly loadShrinkwrap Finishing
37 silly loadAllDepsIntoIdealTree Starting
38 silly install loadAllDepsIntoIdealTree
39 silly resolveWithNewModule dot@1.1.1 checking installable status
40 silly cache add args [ 'dot', null ]
41 verbose cache add spec dot
42 silly cache add parsed spec Result {
42 silly cache add   raw: 'dot',
42 silly cache add   scope: null,
42 silly cache add   escapedName: 'dot',
42 silly cache add   name: 'dot',
42 silly cache add   rawSpec: '',
42 silly cache add   spec: 'latest',
42 silly cache add   type: 'tag' }
43 silly addNamed dot@latest
44 verbose addNamed "latest" is being treated as a dist-tag for dot
45 info addNameTag [ 'dot', 'latest' ]
46 silly mapToRegistry name dot
47 silly mapToRegistry using default registry
48 silly mapToRegistry registry https://registry.npmjs.org/
49 silly mapToRegistry data Result {
49 silly mapToRegistry   raw: 'dot',
49 silly mapToRegistry   scope: null,
49 silly mapToRegistry   escapedName: 'dot',
49 silly mapToRegistry   name: 'dot',
49 silly mapToRegistry   rawSpec: '',
49 silly mapToRegistry   spec: 'latest',
49 silly mapToRegistry   type: 'tag' }
50 silly mapToRegistry uri https://registry.npmjs.org/dot
51 verbose addNameTag registry:https://registry.npmjs.org/dot not in flight; fetching
52 verbose get https://registry.npmjs.org/dot not expired, no request
53 silly addNameTag next cb for dot with tag latest
54 silly addNamed dot@1.1.1
55 verbose addNamed "1.1.1" is a plain semver version for dot
56 silly mapToRegistry name dot
57 silly mapToRegistry using default registry
58 silly mapToRegistry registry https://registry.npmjs.org/
59 silly mapToRegistry data Result {
59 silly mapToRegistry   raw: 'dot',
59 silly mapToRegistry   scope: null,
59 silly mapToRegistry   escapedName: 'dot',
59 silly mapToRegistry   name: 'dot',
59 silly mapToRegistry   rawSpec: '',
59 silly mapToRegistry   spec: 'latest',
59 silly mapToRegistry   type: 'tag' }
60 silly mapToRegistry uri https://registry.npmjs.org/dot
61 verbose addRemoteTarball https://registry.npmjs.org/dot/-/dot-1.1.1.tgz not in flight; adding
62 verbose addRemoteTarball [ 'https://registry.npmjs.org/dot/-/dot-1.1.1.tgz',
62 verbose addRemoteTarball   '1aa26a12b38b1dcccb496714a44303b72efd9ac0' ]
63 info retry fetch attempt 1 at 16:23:20
64 info attempt registry request try #1 at 16:23:20
65 http fetch GET https://registry.npmjs.org/dot/-/dot-1.1.1.tgz
66 http fetch 200 https://registry.npmjs.org/dot/-/dot-1.1.1.tgz
67 silly fetchAndShaCheck shasum 1aa26a12b38b1dcccb496714a44303b72efd9ac0
68 verbose addTmpTarball /var/folders/kd/ytq2mbvd7ldd7td52j9tc3500000gn/T/npm-70668-8da308c2/registry.npmjs.org/dot/-/dot-1.1.1.tgz not in flight; adding
69 verbose addTmpTarball already have metadata; skipping unpack for dot@1.1.1
70 verbose correctMkdir /Users/cheft/.npm correctMkdir not in flight; initializing
71 silly cache afterAdd dot@1.1.1
72 verbose afterAdd /Users/cheft/.npm/dot/1.1.1/package/package.json not in flight; writing
73 verbose correctMkdir /Users/cheft/.npm correctMkdir not in flight; initializing
74 verbose afterAdd /Users/cheft/.npm/dot/1.1.1/package/package.json written
75 silly fetchNamedPackageData morphdom
76 silly mapToRegistry name morphdom
77 silly mapToRegistry using default registry
78 silly mapToRegistry registry https://registry.npmjs.org/
79 silly mapToRegistry data Result {
79 silly mapToRegistry   raw: 'morphdom',
79 silly mapToRegistry   scope: null,
79 silly mapToRegistry   escapedName: 'morphdom',
79 silly mapToRegistry   name: 'morphdom',
79 silly mapToRegistry   rawSpec: '',
79 silly mapToRegistry   spec: 'latest',
79 silly mapToRegistry   type: 'tag' }
80 silly mapToRegistry uri https://registry.npmjs.org/morphdom
81 verbose request uri https://registry.npmjs.org/morphdom
82 verbose request no auth needed
83 info attempt registry request try #1 at 16:23:22
84 verbose etag W/"58330205-19038"
85 verbose lastModified Mon, 21 Nov 2016 14:17:41 GMT
86 http request GET https://registry.npmjs.org/morphdom
87 http 304 https://registry.npmjs.org/morphdom
88 verbose headers { date: 'Thu, 08 Dec 2016 08:23:22 GMT',
88 verbose headers   via: '1.1 varnish',
88 verbose headers   'cache-control': 'max-age=300',
88 verbose headers   etag: 'W/"58330205-19038"',
88 verbose headers   age: '0',
88 verbose headers   connection: 'keep-alive',
88 verbose headers   'x-served-by': 'cache-ams4133-AMS',
88 verbose headers   'x-cache': 'HIT',
88 verbose headers   'x-cache-hits': '1',
88 verbose headers   'x-timer': 'S1481185402.752431,VS0,VE11',
88 verbose headers   vary: 'Accept-Encoding' }
89 silly get cb [ 304,
89 silly get   { date: 'Thu, 08 Dec 2016 08:23:22 GMT',
89 silly get     via: '1.1 varnish',
89 silly get     'cache-control': 'max-age=300',
89 silly get     etag: 'W/"58330205-19038"',
89 silly get     age: '0',
89 silly get     connection: 'keep-alive',
89 silly get     'x-served-by': 'cache-ams4133-AMS',
89 silly get     'x-cache': 'HIT',
89 silly get     'x-cache-hits': '1',
89 silly get     'x-timer': 'S1481185402.752431,VS0,VE11',
89 silly get     vary: 'Accept-Encoding' } ]
90 verbose etag https://registry.npmjs.org/morphdom from cache
91 verbose get saving morphdom to /Users/cheft/.npm/registry.npmjs.org/morphdom/.cache.json
92 verbose correctMkdir /Users/cheft/.npm correctMkdir not in flight; initializing
93 silly resolveWithNewModule morphdom@2.2.1 checking installable status
94 silly cache add args [ 'morphdom@^2.2.1', null ]
95 verbose cache add spec morphdom@^2.2.1
96 silly cache add parsed spec Result {
96 silly cache add   raw: 'morphdom@^2.2.1',
96 silly cache add   scope: null,
96 silly cache add   escapedName: 'morphdom',
96 silly cache add   name: 'morphdom',
96 silly cache add   rawSpec: '^2.2.1',
96 silly cache add   spec: '>=2.2.1 <3.0.0',
96 silly cache add   type: 'range' }
97 silly addNamed morphdom@>=2.2.1 <3.0.0
98 verbose addNamed ">=2.2.1 <3.0.0" is a valid semver range for morphdom
99 silly addNameRange { name: 'morphdom', range: '>=2.2.1 <3.0.0', hasData: false }
100 silly mapToRegistry name morphdom
101 silly mapToRegistry using default registry
102 silly mapToRegistry registry https://registry.npmjs.org/
103 silly mapToRegistry data Result {
103 silly mapToRegistry   raw: 'morphdom',
103 silly mapToRegistry   scope: null,
103 silly mapToRegistry   escapedName: 'morphdom',
103 silly mapToRegistry   name: 'morphdom',
103 silly mapToRegistry   rawSpec: '',
103 silly mapToRegistry   spec: 'latest',
103 silly mapToRegistry   type: 'tag' }
104 silly mapToRegistry uri https://registry.npmjs.org/morphdom
105 verbose addNameRange registry:https://registry.npmjs.org/morphdom not in flight; fetching
106 verbose get https://registry.npmjs.org/morphdom not expired, no request
107 silly addNameRange number 2 { name: 'morphdom', range: '>=2.2.1 <3.0.0', hasData: true }
108 silly addNameRange versions [ 'morphdom',
108 silly addNameRange   [ '0.1.0',
108 silly addNameRange     '0.1.1',
108 silly addNameRange     '0.1.2',
108 silly addNameRange     '0.1.3',
108 silly addNameRange     '0.1.4',
108 silly addNameRange     '0.1.5',
108 silly addNameRange     '0.1.6',
108 silly addNameRange     '0.1.7',
108 silly addNameRange     '0.1.8',
108 silly addNameRange     '0.1.9',
108 silly addNameRange     '0.1.10',
108 silly addNameRange     '0.1.11',
108 silly addNameRange     '0.1.12',
108 silly addNameRange     '0.1.13',
108 silly addNameRange     '0.1.14',
108 silly addNameRange     '1.0.0',
108 silly addNameRange     '1.0.1',
108 silly addNameRange     '1.0.2',
108 silly addNameRange     '1.0.3',
108 silly addNameRange     '1.0.4',
108 silly addNameRange     '1.1.0',
108 silly addNameRange     '1.1.2',
108 silly addNameRange     '1.1.3',
108 silly addNameRange     '1.1.4',
108 silly addNameRange     '1.2.0',
108 silly addNameRange     '1.3.0',
108 silly addNameRange     '1.3.1',
108 silly addNameRange     '1.4.0',
108 silly addNameRange     '1.4.1',
108 silly addNameRange     '1.4.2',
108 silly addNameRange     '1.4.3',
108 silly addNameRange     '1.4.4',
108 silly addNameRange     '1.4.5',
108 silly addNameRange     '1.4.6',
108 silly addNameRange     '2.0.0',
108 silly addNameRange     '2.0.1',
108 silly addNameRange     '2.0.2',
108 silly addNameRange     '2.0.3',
108 silly addNameRange     '2.0.4',
108 silly addNameRange     '2.1.0',
108 silly addNameRange     '2.1.1',
108 silly addNameRange     '2.1.2',
108 silly addNameRange     '2.2.0',
108 silly addNameRange     '2.2.1' ] ]
109 silly addNamed morphdom@2.2.1
110 verbose addNamed "2.2.1" is a plain semver version for morphdom
111 silly cache afterAdd morphdom@2.2.1
112 verbose afterAdd /Users/cheft/.npm/morphdom/2.2.1/package/package.json not in flight; writing
113 verbose correctMkdir /Users/cheft/.npm correctMkdir not in flight; initializing
114 verbose afterAdd /Users/cheft/.npm/morphdom/2.2.1/package/package.json written
115 silly loadAllDepsIntoIdealTree Finishing
116 silly loadIdealTree Finishing
117 silly currentTree coala-starter-kit@0.0.1
117 silly currentTree ├── accepts@1.3.3
117 silly currentTree ├── acorn@3.3.0
117 silly currentTree ├── align-text@0.1.4
117 silly currentTree ├── alphanum-sort@1.0.2
117 silly currentTree ├── amdefine@1.0.1
117 silly currentTree ├── ansi-regex@2.0.0
117 silly currentTree ├── ansi-styles@2.2.1
117 silly currentTree ├── anymatch@1.3.0
117 silly currentTree ├── argparse@1.0.9
117 silly currentTree ├── arr-diff@2.0.0
117 silly currentTree ├── arr-flatten@1.0.1
117 silly currentTree ├── array-flatten@1.1.1
117 silly currentTree ├── array-unique@0.2.1
117 silly currentTree ├── arrify@1.0.1
117 silly currentTree ├── assert@1.4.1
117 silly currentTree ├── async-each@1.0.1
117 silly currentTree ├── async@0.2.10
117 silly currentTree ├── autoprefixer@6.5.3
117 silly currentTree ├── balanced-match@0.4.2
117 silly currentTree ├── base64-js@1.2.0
117 silly currentTree ├── batch@0.5.3
117 silly currentTree ├── big.js@3.1.3
117 silly currentTree ├── binary-extensions@1.8.0
117 silly currentTree ├── brace-expansion@1.1.6
117 silly currentTree ├── braces@1.8.5
117 silly currentTree ├── browserify-aes@0.4.0
117 silly currentTree ├── browserify-zlib@0.1.4
117 silly currentTree ├── browserslist@1.4.0
117 silly currentTree ├── buffer-shims@1.0.0
117 silly currentTree ├── buffer@4.9.1
117 silly currentTree ├── builtin-status-codes@2.0.0
117 silly currentTree ├── bytes@2.3.0
117 silly currentTree ├── camelcase@1.2.1
117 silly currentTree ├── caniuse-db@1.0.30000592
117 silly currentTree ├── center-align@0.1.3
117 silly currentTree ├─┬ chalk@1.1.3
117 silly currentTree │ └── supports-color@2.0.0
117 silly currentTree ├── chokidar@1.6.1
117 silly currentTree ├── clap@1.1.2
117 silly currentTree ├─┬ cliui@2.1.0
117 silly currentTree │ └── wordwrap@0.0.2
117 silly currentTree ├── clone@1.0.2
117 silly currentTree ├── coa@1.0.1
117 silly currentTree ├── coala-dot-loader@0.0.1
117 silly currentTree ├── coala@1.0.0-beta
117 silly currentTree ├── color-convert@1.8.2
117 silly currentTree ├── color-name@1.1.1
117 silly currentTree ├── color-string@0.3.0
117 silly currentTree ├── color@0.11.4
117 silly currentTree ├── colormin@1.1.2
117 silly currentTree ├── colors@1.1.2
117 silly currentTree ├── compressible@2.0.9
117 silly currentTree ├── compression@1.6.2
117 silly currentTree ├── concat-map@0.0.1
117 silly currentTree ├── connect-history-api-fallback@1.3.0
117 silly currentTree ├── console-browserify@1.1.0
117 silly currentTree ├── constants-browserify@1.0.0
117 silly currentTree ├── content-disposition@0.5.1
117 silly currentTree ├── content-type@1.0.2
117 silly currentTree ├── cookie-signature@1.0.6
117 silly currentTree ├── cookie@0.3.1
117 silly currentTree ├── core-util-is@1.0.2
117 silly currentTree ├── crypto-browserify@3.3.0
117 silly currentTree ├── css-color-names@0.0.4
117 silly currentTree ├── css-loader@0.18.0
117 silly currentTree ├── css-selector-tokenizer@0.5.4
117 silly currentTree ├── cssesc@0.1.0
117 silly currentTree ├── cssnano@3.8.1
117 silly currentTree ├── csso@2.2.1
117 silly currentTree ├── date-now@0.1.4
117 silly currentTree ├── debug@2.2.0
117 silly currentTree ├── decamelize@1.2.0
117 silly currentTree ├── defined@1.0.0
117 silly currentTree ├── depd@1.1.0
117 silly currentTree ├── destroy@1.0.4
117 silly currentTree ├── domain-browser@1.1.7
117 silly currentTree ├── ee-first@1.1.1
117 silly currentTree ├── emojis-list@2.1.0
117 silly currentTree ├── encodeurl@1.0.1
117 silly currentTree ├─┬ enhanced-resolve@0.9.1
117 silly currentTree │ └── memory-fs@0.2.0
117 silly currentTree ├── errno@0.1.4
117 silly currentTree ├── es6-promise@2.3.0
117 silly currentTree ├── escape-html@1.0.3
117 silly currentTree ├── escape-string-regexp@1.0.5
117 silly currentTree ├── esprima@2.7.3
117 silly currentTree ├── etag@1.7.0
117 silly currentTree ├── eventemitter3@1.2.0
117 silly currentTree ├── events@1.1.1
117 silly currentTree ├── eventsource@0.1.6
117 silly currentTree ├── expand-brackets@0.1.5
117 silly currentTree ├── expand-range@1.8.2
117 silly currentTree ├── express@4.14.0
117 silly currentTree ├── extglob@0.3.2
117 silly currentTree ├── fastparse@1.1.1
117 silly currentTree ├── faye-websocket@0.10.0
117 silly currentTree ├── filename-regex@2.0.0
117 silly currentTree ├── fill-range@2.2.3
117 silly currentTree ├── finalhandler@0.5.0
117 silly currentTree ├── flatten@1.0.2
117 silly currentTree ├── for-in@0.1.6
117 silly currentTree ├── for-own@0.1.4
117 silly currentTree ├── forwarded@0.1.0
117 silly currentTree ├── fresh@0.3.0
117 silly currentTree ├─┬ fsevents@1.0.15
117 silly currentTree │ ├── abbrev@1.0.9
117 silly currentTree │ ├── ansi-regex@2.0.0
117 silly currentTree │ ├── ansi-styles@2.2.1
117 silly currentTree │ ├── aproba@1.0.4
117 silly currentTree │ ├── are-we-there-yet@1.1.2
117 silly currentTree │ ├── asn1@0.2.3
117 silly currentTree │ ├── assert-plus@0.2.0
117 silly currentTree │ ├── async@1.5.2
117 silly currentTree │ ├── aws-sign2@0.6.0
117 silly currentTree │ ├── aws4@1.4.1
117 silly currentTree │ ├── balanced-match@0.4.2
117 silly currentTree │ ├─┬ bl@1.1.2
117 silly currentTree │ │ └── readable-stream@2.0.6
117 silly currentTree │ ├── block-stream@0.0.9
117 silly currentTree │ ├── boom@2.10.1
117 silly currentTree │ ├── brace-expansion@1.1.5
117 silly currentTree │ ├── buffer-shims@1.0.0
117 silly currentTree │ ├── caseless@0.11.0
117 silly currentTree │ ├── chalk@1.1.3
117 silly currentTree │ ├── code-point-at@1.0.0
117 silly currentTree │ ├── combined-stream@1.0.5
117 silly currentTree │ ├── commander@2.9.0
117 silly currentTree │ ├── concat-map@0.0.1
117 silly currentTree │ ├── console-control-strings@1.1.0
117 silly currentTree │ ├── core-util-is@1.0.2
117 silly currentTree │ ├── cryptiles@2.0.5
117 silly currentTree │ ├─┬ dashdash@1.14.0
117 silly currentTree │ │ └── assert-plus@1.0.0
117 silly currentTree │ ├── debug@2.2.0
117 silly currentTree │ ├── deep-extend@0.4.1
117 silly currentTree │ ├── delayed-stream@1.0.0
117 silly currentTree │ ├── delegates@1.0.0
117 silly currentTree │ ├── ecc-jsbn@0.1.1
117 silly currentTree │ ├── escape-string-regexp@1.0.5
117 silly currentTree │ ├── extend@3.0.0
117 silly currentTree │ ├── extsprintf@1.0.2
117 silly currentTree │ ├── forever-agent@0.6.1
117 silly currentTree │ ├── form-data@1.0.0-rc4
117 silly currentTree │ ├── fs.realpath@1.0.0
117 silly currentTree │ ├── fstream-ignore@1.0.5
117 silly currentTree │ ├── fstream@1.0.10
117 silly currentTree │ ├── gauge@2.6.0
117 silly currentTree │ ├── generate-function@2.0.0
117 silly currentTree │ ├── generate-object-property@1.2.0
117 silly currentTree │ ├─┬ getpass@0.1.6
117 silly currentTree │ │ └── assert-plus@1.0.0
117 silly currentTree │ ├── glob@7.0.5
117 silly currentTree │ ├── graceful-fs@4.1.4
117 silly currentTree │ ├── graceful-readlink@1.0.1
117 silly currentTree │ ├── har-validator@2.0.6
117 silly currentTree │ ├── has-ansi@2.0.0
117 silly currentTree │ ├── has-color@0.1.7
117 silly currentTree │ ├── has-unicode@2.0.1
117 silly currentTree │ ├── hawk@3.1.3
117 silly currentTree │ ├── hoek@2.16.3
117 silly currentTree │ ├── http-signature@1.1.1
117 silly currentTree │ ├── inflight@1.0.5
117 silly currentTree │ ├── inherits@2.0.1
117 silly currentTree │ ├── ini@1.3.4
117 silly currentTree │ ├── is-fullwidth-code-point@1.0.0
117 silly currentTree │ ├── is-my-json-valid@2.13.1
117 silly currentTree │ ├── is-property@1.0.2
117 silly currentTree │ ├── is-typedarray@1.0.0
117 silly currentTree │ ├── isarray@1.0.0
117 silly currentTree │ ├── isstream@0.1.2
117 silly currentTree │ ├── jodid25519@1.0.2
117 silly currentTree │ ├── jsbn@0.1.0
117 silly currentTree │ ├── json-schema@0.2.2
117 silly currentTree │ ├── json-stringify-safe@5.0.1
117 silly currentTree │ ├── jsonpointer@2.0.0
117 silly currentTree │ ├── jsprim@1.3.0
117 silly currentTree │ ├── mime-db@1.23.0
117 silly currentTree │ ├── mime-types@2.1.11
117 silly currentTree │ ├── minimatch@3.0.2
117 silly currentTree │ ├── minimist@0.0.8
117 silly currentTree │ ├── mkdirp@0.5.1
117 silly currentTree │ ├── ms@0.7.1
117 silly currentTree │ ├── node-pre-gyp@0.6.29
117 silly currentTree │ ├── node-uuid@1.4.7
117 silly currentTree │ ├── nopt@3.0.6
117 silly currentTree │ ├── npmlog@3.1.2
117 silly currentTree │ ├── number-is-nan@1.0.0
117 silly currentTree │ ├── oauth-sign@0.8.2
117 silly currentTree │ ├── object-assign@4.1.0
117 silly currentTree │ ├── once@1.3.3
117 silly currentTree │ ├── path-is-absolute@1.0.0
117 silly currentTree │ ├── pinkie-promise@2.0.1
117 silly currentTree │ ├── pinkie@2.0.4
117 silly currentTree │ ├── process-nextick-args@1.0.7
117 silly currentTree │ ├── qs@6.2.0
117 silly currentTree │ ├─┬ rc@1.1.6
117 silly currentTree │ │ └── minimist@1.2.0
117 silly currentTree │ ├── readable-stream@2.1.4
117 silly currentTree │ ├── request@2.73.0
117 silly currentTree │ ├── rimraf@2.5.3
117 silly currentTree │ ├── semver@5.2.0
117 silly currentTree │ ├── set-blocking@2.0.0
117 silly currentTree │ ├── signal-exit@3.0.0
117 silly currentTree │ ├── sntp@1.0.9
117 silly currentTree │ ├─┬ sshpk@1.8.3
117 silly currentTree │ │ └── assert-plus@1.0.0
117 silly currentTree │ ├── string_decoder@0.10.31
117 silly currentTree │ ├── string-width@1.0.1
117 silly currentTree │ ├── stringstream@0.0.5
117 silly currentTree │ ├── strip-ansi@3.0.1
117 silly currentTree │ ├── strip-json-comments@1.0.4
117 silly currentTree │ ├── supports-color@2.0.0
117 silly currentTree │ ├── tar-pack@3.1.4
117 silly currentTree │ ├── tar@2.2.1
117 silly currentTree │ ├── tough-cookie@2.2.2
117 silly currentTree │ ├── tunnel-agent@0.4.3
117 silly currentTree │ ├── tweetnacl@0.13.3
117 silly currentTree │ ├── uid-number@0.0.6
117 silly currentTree │ ├── util-deprecate@1.0.2
117 silly currentTree │ ├── verror@1.3.6
117 silly currentTree │ ├── wide-align@1.1.0
117 silly currentTree │ ├── wrappy@1.0.2
117 silly currentTree │ └── xtend@4.0.1
117 silly currentTree ├── function-bind@1.1.0
117 silly currentTree ├── glob-base@0.3.0
117 silly currentTree ├── glob-parent@2.0.0
117 silly currentTree ├── graceful-fs@4.1.11
117 silly currentTree ├── has-ansi@2.0.0
117 silly currentTree ├── has-flag@1.0.0
117 silly currentTree ├── has@1.0.1
117 silly currentTree ├── html-comment-regex@1.1.1
117 silly currentTree ├── http-errors@1.5.1
117 silly currentTree ├─┬ http-proxy-middleware@0.17.3
117 silly currentTree │ ├── is-extglob@2.1.0
117 silly currentTree │ └── is-glob@3.1.0
117 silly currentTree ├── http-proxy@1.16.2
117 silly currentTree ├── https-browserify@0.0.1
117 silly currentTree ├── ieee754@1.1.8
117 silly currentTree ├── indexes-of@1.0.1
117 silly currentTree ├── indexof@0.0.1
117 silly currentTree ├── inherits@2.0.3
117 silly currentTree ├── interpret@0.6.6
117 silly currentTree ├── ipaddr.js@1.1.1
117 silly currentTree ├── is-absolute-url@2.0.0
117 silly currentTree ├── is-binary-path@1.0.1
117 silly currentTree ├── is-buffer@1.1.4
117 silly currentTree ├── is-dotfile@1.0.2
117 silly currentTree ├── is-equal-shallow@0.1.3
117 silly currentTree ├── is-extendable@0.1.1
117 silly currentTree ├── is-extglob@1.0.0
117 silly currentTree ├── is-glob@2.0.1
117 silly currentTree ├── is-number@2.1.0
117 silly currentTree ├── is-plain-obj@1.1.0
117 silly currentTree ├── is-posix-bracket@0.1.1
117 silly currentTree ├── is-primitive@2.0.0
117 silly currentTree ├── is-svg@2.1.0
117 silly currentTree ├── isarray@1.0.0
117 silly currentTree ├── isobject@2.1.0
117 silly currentTree ├── jquery@1.12.4
117 silly currentTree ├── js-base64@2.1.9
117 silly currentTree ├── js-yaml@3.6.1
117 silly currentTree ├── json3@3.3.2
117 silly currentTree ├── json5@0.5.1
117 silly currentTree ├── kind-of@3.1.0
117 silly currentTree ├── lazy-cache@1.0.4
117 silly currentTree ├── loader-utils@0.2.16
117 silly currentTree ├── lodash.indexof@4.0.5
117 silly currentTree ├── lodash@4.17.2
117 silly currentTree ├── longest@1.0.1
117 silly currentTree ├── macaddress@0.2.8
117 silly currentTree ├── math-expression-evaluator@1.2.14
117 silly currentTree ├── media-typer@0.3.0
117 silly currentTree ├── memory-fs@0.3.0
117 silly currentTree ├── merge-descriptors@1.0.1
117 silly currentTree ├── methods@1.1.2
117 silly currentTree ├── micromatch@2.3.11
117 silly currentTree ├── mime-db@1.25.0
117 silly currentTree ├── mime-types@2.1.13
117 silly currentTree ├── mime@1.3.4
117 silly currentTree ├── minimatch@3.0.3
117 silly currentTree ├── minimist@0.0.8
117 silly currentTree ├── mkdirp@0.5.1
117 silly currentTree ├── ms@0.7.1
117 silly currentTree ├── nan@2.4.0
117 silly currentTree ├── negotiator@0.6.1
117 silly currentTree ├── node-libs-browser@0.7.0
117 silly currentTree ├── normalize-path@2.0.1
117 silly currentTree ├── normalize-range@0.1.2
117 silly currentTree ├── normalize-url@1.8.0
117 silly currentTree ├── num2fraction@1.2.2
117 silly currentTree ├── object-assign@4.1.0
117 silly currentTree ├── object.omit@2.0.1
117 silly currentTree ├── on-finished@2.3.0
117 silly currentTree ├── on-headers@1.0.1
117 silly currentTree ├── open@0.0.5
117 silly currentTree ├── optimist@0.6.1
117 silly currentTree ├─┬ original@1.0.0
117 silly currentTree │ └── url-parse@1.0.5
117 silly currentTree ├── os-browserify@0.2.1
117 silly currentTree ├── pako@0.2.9
117 silly currentTree ├── parse-glob@3.0.4
117 silly currentTree ├── parseurl@1.3.1
117 silly currentTree ├── path-browserify@0.0.0
117 silly currentTree ├── path-is-absolute@1.0.1
117 silly currentTree ├── path-to-regexp@0.1.7
117 silly currentTree ├── pbkdf2-compat@2.0.1
117 silly currentTree ├── postcss-calc@5.3.1
117 silly currentTree ├── postcss-colormin@2.2.1
117 silly currentTree ├── postcss-convert-values@2.5.0
117 silly currentTree ├── postcss-discard-comments@2.0.4
117 silly currentTree ├── postcss-discard-duplicates@2.0.2
117 silly currentTree ├── postcss-discard-empty@2.1.0
117 silly currentTree ├── postcss-discard-overridden@0.1.1
117 silly currentTree ├── postcss-discard-unused@2.2.3
117 silly currentTree ├── postcss-filter-plugins@2.0.2
117 silly currentTree ├── postcss-merge-idents@2.1.7
117 silly currentTree ├── postcss-merge-longhand@2.0.1
117 silly currentTree ├── postcss-merge-rules@2.0.10
117 silly currentTree ├── postcss-message-helpers@2.0.0
117 silly currentTree ├── postcss-minify-font-values@1.0.5
117 silly currentTree ├── postcss-minify-gradients@1.0.5
117 silly currentTree ├── postcss-minify-params@1.0.5
117 silly currentTree ├── postcss-minify-selectors@2.0.7
117 silly currentTree ├─┬ postcss-modules-extract-imports@0.0.5
117 silly currentTree │ ├── postcss@4.1.16
117 silly currentTree │ └── source-map@0.4.4
117 silly currentTree ├─┬ postcss-modules-local-by-default@0.0.12
117 silly currentTree │ ├── postcss@4.1.16
117 silly currentTree │ └── source-map@0.4.4
117 silly currentTree ├─┬ postcss-modules-scope@0.0.8
117 silly currentTree │ ├── postcss@4.1.16
117 silly currentTree │ └── source-map@0.4.4
117 silly currentTree ├── postcss-normalize-charset@1.1.1
117 silly currentTree ├── postcss-normalize-url@3.0.7
117 silly currentTree ├── postcss-ordered-values@2.2.2
117 silly currentTree ├── postcss-reduce-idents@2.3.1
117 silly currentTree ├── postcss-reduce-initial@1.0.0
117 silly currentTree ├── postcss-reduce-transforms@1.0.4
117 silly currentTree ├── postcss-selector-parser@2.2.2
117 silly currentTree ├── postcss-svgo@2.1.5
117 silly currentTree ├── postcss-unique-selectors@2.0.2
117 silly currentTree ├── postcss-value-parser@3.3.0
117 silly currentTree ├── postcss-zindex@2.2.0
117 silly currentTree ├── postcss@5.2.6
117 silly currentTree ├── prepend-http@1.0.4
117 silly currentTree ├── preserve@0.2.0
117 silly currentTree ├── process-nextick-args@1.0.7
117 silly currentTree ├── process@0.11.9
117 silly currentTree ├── proxy-addr@1.1.2
117 silly currentTree ├── prr@0.0.0
117 silly currentTree ├── punycode@1.4.1
117 silly currentTree ├── q@1.4.1
117 silly currentTree ├── qs@6.2.0
117 silly currentTree ├── query-string@4.2.3
117 silly currentTree ├── querystring-es3@0.2.1
117 silly currentTree ├── querystring@0.2.0
117 silly currentTree ├── querystringify@0.0.4
117 silly currentTree ├── randomatic@1.1.6
117 silly currentTree ├── range-parser@1.2.0
117 silly currentTree ├── readable-stream@2.2.2
117 silly currentTree ├── readdirp@2.1.0
117 silly currentTree ├── reduce-css-calc@1.3.0
117 silly currentTree ├── reduce-function-call@1.0.2
117 silly currentTree ├── regex-cache@0.4.3
117 silly currentTree ├── repeat-element@1.1.2
117 silly currentTree ├── repeat-string@1.6.1
117 silly currentTree ├── requires-port@1.0.0
117 silly currentTree ├── right-align@0.1.3
117 silly currentTree ├── ripemd160@0.2.0
117 silly currentTree ├── sax@1.2.1
117 silly currentTree ├── send@0.14.1
117 silly currentTree ├── serve-index@1.8.0
117 silly currentTree ├── serve-static@1.11.1
117 silly currentTree ├── set-immediate-shim@1.0.1
117 silly currentTree ├── setimmediate@1.0.5
117 silly currentTree ├── setprototypeof@1.0.2
117 silly currentTree ├── sha.js@2.2.6
117 silly currentTree ├─┬ sockjs-client@1.1.1
117 silly currentTree │ └── faye-websocket@0.11.0
117 silly currentTree ├── sockjs@0.3.18
117 silly currentTree ├── sort-keys@1.1.2
117 silly currentTree ├── source-list-map@0.1.7
117 silly currentTree ├── source-map@0.5.6
117 silly currentTree ├── sprintf-js@1.0.3
117 silly currentTree ├── statuses@1.3.1
117 silly currentTree ├── stream-browserify@2.0.1
117 silly currentTree ├── stream-cache@0.0.2
117 silly currentTree ├── stream-http@2.5.0
117 silly currentTree ├── strict-uri-encode@1.1.0
117 silly currentTree ├── string_decoder@0.10.31
117 silly currentTree ├── strip-ansi@3.0.1
117 silly currentTree ├── style-loader@0.12.4
117 silly currentTree ├── supports-color@3.1.2
117 silly currentTree ├── svgo@0.7.1
117 silly currentTree ├── tapable@0.1.10
117 silly currentTree ├── timers-browserify@2.0.2
117 silly currentTree ├── to-arraybuffer@1.0.1
117 silly currentTree ├── todomvc-app-css@2.0.6
117 silly currentTree ├── tty-browserify@0.0.0
117 silly currentTree ├── type-is@1.6.14
117 silly currentTree ├── uglify-to-browserify@1.0.2
117 silly currentTree ├─┬ uglifyjs@2.4.10
117 silly currentTree │ └── source-map@0.1.34
117 silly currentTree ├── uniq@1.0.1
117 silly currentTree ├── uniqid@4.1.0
117 silly currentTree ├── uniqs@2.0.0
117 silly currentTree ├── unpipe@1.0.0
117 silly currentTree ├── url-parse@1.1.7
117 silly currentTree ├─┬ url@0.11.0
117 silly currentTree │ └── punycode@1.3.2
117 silly currentTree ├── util-deprecate@1.0.2
117 silly currentTree ├─┬ util@0.10.3
117 silly currentTree │ └── inherits@2.0.1
117 silly currentTree ├── utils-merge@1.0.0
117 silly currentTree ├── uuid@2.0.3
117 silly currentTree ├── vary@1.1.0
117 silly currentTree ├── vendors@1.0.1
117 silly currentTree ├── vm-browserify@0.0.4
117 silly currentTree ├─┬ watchpack@0.2.9
117 silly currentTree │ └── async@0.9.2
117 silly currentTree ├─┬ webpack-core@0.6.9
117 silly currentTree │ └── source-map@0.4.4
117 silly currentTree ├── webpack-dev-middleware@1.8.4
117 silly currentTree ├── webpack-dev-server@1.16.2
117 silly currentTree ├─┬ webpack@1.14.0
117 silly currentTree │ ├── async@1.5.2
117 silly currentTree │ ├─┬ uglify-js@2.7.5
117 silly currentTree │ │ └── async@0.2.10
117 silly currentTree │ └── yargs@3.10.0
117 silly currentTree ├── websocket-driver@0.6.5
117 silly currentTree ├── websocket-extensions@0.1.1
117 silly currentTree ├── whet.extend@0.9.9
117 silly currentTree ├── window-size@0.1.0
117 silly currentTree ├── wordwrap@0.0.3
117 silly currentTree ├── xtend@4.0.1
117 silly currentTree └── yargs@1.3.3
118 silly idealTree coala-starter-kit@0.0.1
118 silly idealTree ├── accepts@1.3.3
118 silly idealTree ├── acorn@3.3.0
118 silly idealTree ├── align-text@0.1.4
118 silly idealTree ├── alphanum-sort@1.0.2
118 silly idealTree ├── amdefine@1.0.1
118 silly idealTree ├── ansi-regex@2.0.0
118 silly idealTree ├── ansi-styles@2.2.1
118 silly idealTree ├── anymatch@1.3.0
118 silly idealTree ├── argparse@1.0.9
118 silly idealTree ├── arr-diff@2.0.0
118 silly idealTree ├── arr-flatten@1.0.1
118 silly idealTree ├── array-flatten@1.1.1
118 silly idealTree ├── array-unique@0.2.1
118 silly idealTree ├── arrify@1.0.1
118 silly idealTree ├── assert@1.4.1
118 silly idealTree ├── async-each@1.0.1
118 silly idealTree ├── async@0.2.10
118 silly idealTree ├── autoprefixer@6.5.3
118 silly idealTree ├── balanced-match@0.4.2
118 silly idealTree ├── base64-js@1.2.0
118 silly idealTree ├── batch@0.5.3
118 silly idealTree ├── big.js@3.1.3
118 silly idealTree ├── binary-extensions@1.8.0
118 silly idealTree ├── brace-expansion@1.1.6
118 silly idealTree ├── braces@1.8.5
118 silly idealTree ├── browserify-aes@0.4.0
118 silly idealTree ├── browserify-zlib@0.1.4
118 silly idealTree ├── browserslist@1.4.0
118 silly idealTree ├── buffer-shims@1.0.0
118 silly idealTree ├── buffer@4.9.1
118 silly idealTree ├── builtin-status-codes@2.0.0
118 silly idealTree ├── bytes@2.3.0
118 silly idealTree ├── camelcase@1.2.1
118 silly idealTree ├── caniuse-db@1.0.30000592
118 silly idealTree ├── center-align@0.1.3
118 silly idealTree ├─┬ chalk@1.1.3
118 silly idealTree │ └── supports-color@2.0.0
118 silly idealTree ├── chokidar@1.6.1
118 silly idealTree ├── clap@1.1.2
118 silly idealTree ├─┬ cliui@2.1.0
118 silly idealTree │ └── wordwrap@0.0.2
118 silly idealTree ├── clone@1.0.2
118 silly idealTree ├── coa@1.0.1
118 silly idealTree ├── coala-dot-loader@0.0.1
118 silly idealTree ├── coala@1.0.0-beta
118 silly idealTree ├── color-convert@1.8.2
118 silly idealTree ├── color-name@1.1.1
118 silly idealTree ├── color-string@0.3.0
118 silly idealTree ├── color@0.11.4
118 silly idealTree ├── colormin@1.1.2
118 silly idealTree ├── colors@1.1.2
118 silly idealTree ├── compressible@2.0.9
118 silly idealTree ├── compression@1.6.2
118 silly idealTree ├── concat-map@0.0.1
118 silly idealTree ├── connect-history-api-fallback@1.3.0
118 silly idealTree ├── console-browserify@1.1.0
118 silly idealTree ├── constants-browserify@1.0.0
118 silly idealTree ├── content-disposition@0.5.1
118 silly idealTree ├── content-type@1.0.2
118 silly idealTree ├── cookie-signature@1.0.6
118 silly idealTree ├── cookie@0.3.1
118 silly idealTree ├── core-util-is@1.0.2
118 silly idealTree ├── crypto-browserify@3.3.0
118 silly idealTree ├── css-color-names@0.0.4
118 silly idealTree ├── css-loader@0.18.0
118 silly idealTree ├── css-selector-tokenizer@0.5.4
118 silly idealTree ├── cssesc@0.1.0
118 silly idealTree ├── cssnano@3.8.1
118 silly idealTree ├── csso@2.2.1
118 silly idealTree ├── date-now@0.1.4
118 silly idealTree ├── debug@2.2.0
118 silly idealTree ├── decamelize@1.2.0
118 silly idealTree ├── defined@1.0.0
118 silly idealTree ├── depd@1.1.0
118 silly idealTree ├── destroy@1.0.4
118 silly idealTree ├── domain-browser@1.1.7
118 silly idealTree ├── dot@1.1.1
118 silly idealTree ├── ee-first@1.1.1
118 silly idealTree ├── emojis-list@2.1.0
118 silly idealTree ├── encodeurl@1.0.1
118 silly idealTree ├─┬ enhanced-resolve@0.9.1
118 silly idealTree │ └── memory-fs@0.2.0
118 silly idealTree ├── errno@0.1.4
118 silly idealTree ├── es6-promise@2.3.0
118 silly idealTree ├── escape-html@1.0.3
118 silly idealTree ├── escape-string-regexp@1.0.5
118 silly idealTree ├── esprima@2.7.3
118 silly idealTree ├── etag@1.7.0
118 silly idealTree ├── eventemitter3@1.2.0
118 silly idealTree ├── events@1.1.1
118 silly idealTree ├── eventsource@0.1.6
118 silly idealTree ├── expand-brackets@0.1.5
118 silly idealTree ├── expand-range@1.8.2
118 silly idealTree ├── express@4.14.0
118 silly idealTree ├── extglob@0.3.2
118 silly idealTree ├── fastparse@1.1.1
118 silly idealTree ├── faye-websocket@0.10.0
118 silly idealTree ├── filename-regex@2.0.0
118 silly idealTree ├── fill-range@2.2.3
118 silly idealTree ├── finalhandler@0.5.0
118 silly idealTree ├── flatten@1.0.2
118 silly idealTree ├── for-in@0.1.6
118 silly idealTree ├── for-own@0.1.4
118 silly idealTree ├── forwarded@0.1.0
118 silly idealTree ├── fresh@0.3.0
118 silly idealTree ├─┬ fsevents@1.0.15
118 silly idealTree │ ├── abbrev@1.0.9
118 silly idealTree │ ├── ansi-regex@2.0.0
118 silly idealTree │ ├── ansi-styles@2.2.1
118 silly idealTree │ ├── aproba@1.0.4
118 silly idealTree │ ├── are-we-there-yet@1.1.2
118 silly idealTree │ ├── asn1@0.2.3
118 silly idealTree │ ├── assert-plus@0.2.0
118 silly idealTree │ ├── async@1.5.2
118 silly idealTree │ ├── aws-sign2@0.6.0
118 silly idealTree │ ├── aws4@1.4.1
118 silly idealTree │ ├── balanced-match@0.4.2
118 silly idealTree │ ├─┬ bl@1.1.2
118 silly idealTree │ │ └── readable-stream@2.0.6
118 silly idealTree │ ├── block-stream@0.0.9
118 silly idealTree │ ├── boom@2.10.1
118 silly idealTree │ ├── brace-expansion@1.1.5
118 silly idealTree │ ├── buffer-shims@1.0.0
118 silly idealTree │ ├── caseless@0.11.0
118 silly idealTree │ ├── chalk@1.1.3
118 silly idealTree │ ├── code-point-at@1.0.0
118 silly idealTree │ ├── combined-stream@1.0.5
118 silly idealTree │ ├── commander@2.9.0
118 silly idealTree │ ├── concat-map@0.0.1
118 silly idealTree │ ├── console-control-strings@1.1.0
118 silly idealTree │ ├── core-util-is@1.0.2
118 silly idealTree │ ├── cryptiles@2.0.5
118 silly idealTree │ ├─┬ dashdash@1.14.0
118 silly idealTree │ │ └── assert-plus@1.0.0
118 silly idealTree │ ├── debug@2.2.0
118 silly idealTree │ ├── deep-extend@0.4.1
118 silly idealTree │ ├── delayed-stream@1.0.0
118 silly idealTree │ ├── delegates@1.0.0
118 silly idealTree │ ├── ecc-jsbn@0.1.1
118 silly idealTree │ ├── escape-string-regexp@1.0.5
118 silly idealTree │ ├── extend@3.0.0
118 silly idealTree │ ├── extsprintf@1.0.2
118 silly idealTree │ ├── forever-agent@0.6.1
118 silly idealTree │ ├── form-data@1.0.0-rc4
118 silly idealTree │ ├── fs.realpath@1.0.0
118 silly idealTree │ ├── fstream-ignore@1.0.5
118 silly idealTree │ ├── fstream@1.0.10
118 silly idealTree │ ├── gauge@2.6.0
118 silly idealTree │ ├── generate-function@2.0.0
118 silly idealTree │ ├── generate-object-property@1.2.0
118 silly idealTree │ ├─┬ getpass@0.1.6
118 silly idealTree │ │ └── assert-plus@1.0.0
118 silly idealTree │ ├── glob@7.0.5
118 silly idealTree │ ├── graceful-fs@4.1.4
118 silly idealTree │ ├── graceful-readlink@1.0.1
118 silly idealTree │ ├── har-validator@2.0.6
118 silly idealTree │ ├── has-ansi@2.0.0
118 silly idealTree │ ├── has-color@0.1.7
118 silly idealTree │ ├── has-unicode@2.0.1
118 silly idealTree │ ├── hawk@3.1.3
118 silly idealTree │ ├── hoek@2.16.3
118 silly idealTree │ ├── http-signature@1.1.1
118 silly idealTree │ ├── inflight@1.0.5
118 silly idealTree │ ├── inherits@2.0.1
118 silly idealTree │ ├── ini@1.3.4
118 silly idealTree │ ├── is-fullwidth-code-point@1.0.0
118 silly idealTree │ ├── is-my-json-valid@2.13.1
118 silly idealTree │ ├── is-property@1.0.2
118 silly idealTree │ ├── is-typedarray@1.0.0
118 silly idealTree │ ├── isarray@1.0.0
118 silly idealTree │ ├── isstream@0.1.2
118 silly idealTree │ ├── jodid25519@1.0.2
118 silly idealTree │ ├── jsbn@0.1.0
118 silly idealTree │ ├── json-schema@0.2.2
118 silly idealTree │ ├── json-stringify-safe@5.0.1
118 silly idealTree │ ├── jsonpointer@2.0.0
118 silly idealTree │ ├── jsprim@1.3.0
118 silly idealTree │ ├── mime-db@1.23.0
118 silly idealTree │ ├── mime-types@2.1.11
118 silly idealTree │ ├── minimatch@3.0.2
118 silly idealTree │ ├── minimist@0.0.8
118 silly idealTree │ ├── mkdirp@0.5.1
118 silly idealTree │ ├── ms@0.7.1
118 silly idealTree │ ├── node-pre-gyp@0.6.29
118 silly idealTree │ ├── node-uuid@1.4.7
118 silly idealTree │ ├── nopt@3.0.6
118 silly idealTree │ ├── npmlog@3.1.2
118 silly idealTree │ ├── number-is-nan@1.0.0
118 silly idealTree │ ├── oauth-sign@0.8.2
118 silly idealTree │ ├── object-assign@4.1.0
118 silly idealTree │ ├── once@1.3.3
118 silly idealTree │ ├── path-is-absolute@1.0.0
118 silly idealTree │ ├── pinkie-promise@2.0.1
118 silly idealTree │ ├── pinkie@2.0.4
118 silly idealTree │ ├── process-nextick-args@1.0.7
118 silly idealTree │ ├── qs@6.2.0
118 silly idealTree │ ├─┬ rc@1.1.6
118 silly idealTree │ │ └── minimist@1.2.0
118 silly idealTree │ ├── readable-stream@2.1.4
118 silly idealTree │ ├── request@2.73.0
118 silly idealTree │ ├── rimraf@2.5.3
118 silly idealTree │ ├── semver@5.2.0
118 silly idealTree │ ├── set-blocking@2.0.0
118 silly idealTree │ ├── signal-exit@3.0.0
118 silly idealTree │ ├── sntp@1.0.9
118 silly idealTree │ ├─┬ sshpk@1.8.3
118 silly idealTree │ │ └── assert-plus@1.0.0
118 silly idealTree │ ├── string_decoder@0.10.31
118 silly idealTree │ ├── string-width@1.0.1
118 silly idealTree │ ├── stringstream@0.0.5
118 silly idealTree │ ├── strip-ansi@3.0.1
118 silly idealTree │ ├── strip-json-comments@1.0.4
118 silly idealTree │ ├── supports-color@2.0.0
118 silly idealTree │ ├── tar-pack@3.1.4
118 silly idealTree │ ├── tar@2.2.1
118 silly idealTree │ ├── tough-cookie@2.2.2
118 silly idealTree │ ├── tunnel-agent@0.4.3
118 silly idealTree │ ├── tweetnacl@0.13.3
118 silly idealTree │ ├── uid-number@0.0.6
118 silly idealTree │ ├── util-deprecate@1.0.2
118 silly idealTree │ ├── verror@1.3.6
118 silly idealTree │ ├── wide-align@1.1.0
118 silly idealTree │ ├── wrappy@1.0.2
118 silly idealTree │ └── xtend@4.0.1
118 silly idealTree ├── function-bind@1.1.0
118 silly idealTree ├── glob-base@0.3.0
118 silly idealTree ├── glob-parent@2.0.0
118 silly idealTree ├── graceful-fs@4.1.11
118 silly idealTree ├── has-ansi@2.0.0
118 silly idealTree ├── has-flag@1.0.0
118 silly idealTree ├── has@1.0.1
118 silly idealTree ├── html-comment-regex@1.1.1
118 silly idealTree ├── http-errors@1.5.1
118 silly idealTree ├─┬ http-proxy-middleware@0.17.3
118 silly idealTree │ ├── is-extglob@2.1.0
118 silly idealTree │ └── is-glob@3.1.0
118 silly idealTree ├── http-proxy@1.16.2
118 silly idealTree ├── https-browserify@0.0.1
118 silly idealTree ├── ieee754@1.1.8
118 silly idealTree ├── indexes-of@1.0.1
118 silly idealTree ├── indexof@0.0.1
118 silly idealTree ├── inherits@2.0.3
118 silly idealTree ├── interpret@0.6.6
118 silly idealTree ├── ipaddr.js@1.1.1
118 silly idealTree ├── is-absolute-url@2.0.0
118 silly idealTree ├── is-binary-path@1.0.1
118 silly idealTree ├── is-buffer@1.1.4
118 silly idealTree ├── is-dotfile@1.0.2
118 silly idealTree ├── is-equal-shallow@0.1.3
118 silly idealTree ├── is-extendable@0.1.1
118 silly idealTree ├── is-extglob@1.0.0
118 silly idealTree ├── is-glob@2.0.1
118 silly idealTree ├── is-number@2.1.0
118 silly idealTree ├── is-plain-obj@1.1.0
118 silly idealTree ├── is-posix-bracket@0.1.1
118 silly idealTree ├── is-primitive@2.0.0
118 silly idealTree ├── is-svg@2.1.0
118 silly idealTree ├── isarray@1.0.0
118 silly idealTree ├── isobject@2.1.0
118 silly idealTree ├── jquery@1.12.4
118 silly idealTree ├── js-base64@2.1.9
118 silly idealTree ├── js-yaml@3.6.1
118 silly idealTree ├── json3@3.3.2
118 silly idealTree ├── json5@0.5.1
118 silly idealTree ├── kind-of@3.1.0
118 silly idealTree ├── lazy-cache@1.0.4
118 silly idealTree ├── loader-utils@0.2.16
118 silly idealTree ├── lodash.indexof@4.0.5
118 silly idealTree ├── lodash@4.17.2
118 silly idealTree ├── longest@1.0.1
118 silly idealTree ├── macaddress@0.2.8
118 silly idealTree ├── math-expression-evaluator@1.2.14
118 silly idealTree ├── media-typer@0.3.0
118 silly idealTree ├── memory-fs@0.3.0
118 silly idealTree ├── merge-descriptors@1.0.1
118 silly idealTree ├── methods@1.1.2
118 silly idealTree ├── micromatch@2.3.11
118 silly idealTree ├── mime-db@1.25.0
118 silly idealTree ├── mime-types@2.1.13
118 silly idealTree ├── mime@1.3.4
118 silly idealTree ├── minimatch@3.0.3
118 silly idealTree ├── minimist@0.0.8
118 silly idealTree ├── mkdirp@0.5.1
118 silly idealTree ├── morphdom@2.2.1
118 silly idealTree ├── ms@0.7.1
118 silly idealTree ├── nan@2.4.0
118 silly idealTree ├── negotiator@0.6.1
118 silly idealTree ├── node-libs-browser@0.7.0
118 silly idealTree ├── normalize-path@2.0.1
118 silly idealTree ├── normalize-range@0.1.2
118 silly idealTree ├── normalize-url@1.8.0
118 silly idealTree ├── num2fraction@1.2.2
118 silly idealTree ├── object-assign@4.1.0
118 silly idealTree ├── object.omit@2.0.1
118 silly idealTree ├── on-finished@2.3.0
118 silly idealTree ├── on-headers@1.0.1
118 silly idealTree ├── open@0.0.5
118 silly idealTree ├── optimist@0.6.1
118 silly idealTree ├─┬ original@1.0.0
118 silly idealTree │ └── url-parse@1.0.5
118 silly idealTree ├── os-browserify@0.2.1
118 silly idealTree ├── pako@0.2.9
118 silly idealTree ├── parse-glob@3.0.4
118 silly idealTree ├── parseurl@1.3.1
118 silly idealTree ├── path-browserify@0.0.0
118 silly idealTree ├── path-is-absolute@1.0.1
118 silly idealTree ├── path-to-regexp@0.1.7
118 silly idealTree ├── pbkdf2-compat@2.0.1
118 silly idealTree ├── postcss-calc@5.3.1
118 silly idealTree ├── postcss-colormin@2.2.1
118 silly idealTree ├── postcss-convert-values@2.5.0
118 silly idealTree ├── postcss-discard-comments@2.0.4
118 silly idealTree ├── postcss-discard-duplicates@2.0.2
118 silly idealTree ├── postcss-discard-empty@2.1.0
118 silly idealTree ├── postcss-discard-overridden@0.1.1
118 silly idealTree ├── postcss-discard-unused@2.2.3
118 silly idealTree ├── postcss-filter-plugins@2.0.2
118 silly idealTree ├── postcss-merge-idents@2.1.7
118 silly idealTree ├── postcss-merge-longhand@2.0.1
118 silly idealTree ├── postcss-merge-rules@2.0.10
118 silly idealTree ├── postcss-message-helpers@2.0.0
118 silly idealTree ├── postcss-minify-font-values@1.0.5
118 silly idealTree ├── postcss-minify-gradients@1.0.5
118 silly idealTree ├── postcss-minify-params@1.0.5
118 silly idealTree ├── postcss-minify-selectors@2.0.7
118 silly idealTree ├─┬ postcss-modules-extract-imports@0.0.5
118 silly idealTree │ ├── postcss@4.1.16
118 silly idealTree │ └── source-map@0.4.4
118 silly idealTree ├─┬ postcss-modules-local-by-default@0.0.12
118 silly idealTree │ ├── postcss@4.1.16
118 silly idealTree │ └── source-map@0.4.4
118 silly idealTree ├─┬ postcss-modules-scope@0.0.8
118 silly idealTree │ ├── postcss@4.1.16
118 silly idealTree │ └── source-map@0.4.4
118 silly idealTree ├── postcss-normalize-charset@1.1.1
118 silly idealTree ├── postcss-normalize-url@3.0.7
118 silly idealTree ├── postcss-ordered-values@2.2.2
118 silly idealTree ├── postcss-reduce-idents@2.3.1
118 silly idealTree ├── postcss-reduce-initial@1.0.0
118 silly idealTree ├── postcss-reduce-transforms@1.0.4
118 silly idealTree ├── postcss-selector-parser@2.2.2
118 silly idealTree ├── postcss-svgo@2.1.5
118 silly idealTree ├── postcss-unique-selectors@2.0.2
118 silly idealTree ├── postcss-value-parser@3.3.0
118 silly idealTree ├── postcss-zindex@2.2.0
118 silly idealTree ├── postcss@5.2.6
118 silly idealTree ├── prepend-http@1.0.4
118 silly idealTree ├── preserve@0.2.0
118 silly idealTree ├── process-nextick-args@1.0.7
118 silly idealTree ├── process@0.11.9
118 silly idealTree ├── proxy-addr@1.1.2
118 silly idealTree ├── prr@0.0.0
118 silly idealTree ├── punycode@1.4.1
118 silly idealTree ├── q@1.4.1
118 silly idealTree ├── qs@6.2.0
118 silly idealTree ├── query-string@4.2.3
118 silly idealTree ├── querystring-es3@0.2.1
118 silly idealTree ├── querystring@0.2.0
118 silly idealTree ├── querystringify@0.0.4
118 silly idealTree ├── randomatic@1.1.6
118 silly idealTree ├── range-parser@1.2.0
118 silly idealTree ├── readable-stream@2.2.2
118 silly idealTree ├── readdirp@2.1.0
118 silly idealTree ├── reduce-css-calc@1.3.0
118 silly idealTree ├── reduce-function-call@1.0.2
118 silly idealTree ├── regex-cache@0.4.3
118 silly idealTree ├── repeat-element@1.1.2
118 silly idealTree ├── repeat-string@1.6.1
118 silly idealTree ├── requires-port@1.0.0
118 silly idealTree ├── right-align@0.1.3
118 silly idealTree ├── ripemd160@0.2.0
118 silly idealTree ├── sax@1.2.1
118 silly idealTree ├── send@0.14.1
118 silly idealTree ├── serve-index@1.8.0
118 silly idealTree ├── serve-static@1.11.1
118 silly idealTree ├── set-immediate-shim@1.0.1
118 silly idealTree ├── setimmediate@1.0.5
118 silly idealTree ├── setprototypeof@1.0.2
118 silly idealTree ├── sha.js@2.2.6
118 silly idealTree ├─┬ sockjs-client@1.1.1
118 silly idealTree │ └── faye-websocket@0.11.0
118 silly idealTree ├── sockjs@0.3.18
118 silly idealTree ├── sort-keys@1.1.2
118 silly idealTree ├── source-list-map@0.1.7
118 silly idealTree ├── source-map@0.5.6
118 silly idealTree ├── sprintf-js@1.0.3
118 silly idealTree ├── statuses@1.3.1
118 silly idealTree ├── stream-browserify@2.0.1
118 silly idealTree ├── stream-cache@0.0.2
118 silly idealTree ├── stream-http@2.5.0
118 silly idealTree ├── strict-uri-encode@1.1.0
118 silly idealTree ├── string_decoder@0.10.31
118 silly idealTree ├── strip-ansi@3.0.1
118 silly idealTree ├── style-loader@0.12.4
118 silly idealTree ├── supports-color@3.1.2
118 silly idealTree ├── svgo@0.7.1
118 silly idealTree ├── tapable@0.1.10
118 silly idealTree ├── timers-browserify@2.0.2
118 silly idealTree ├── to-arraybuffer@1.0.1
118 silly idealTree ├── todomvc-app-css@2.0.6
118 silly idealTree ├── tty-browserify@0.0.0
118 silly idealTree ├── type-is@1.6.14
118 silly idealTree ├── uglify-to-browserify@1.0.2
118 silly idealTree ├─┬ uglifyjs@2.4.10
118 silly idealTree │ └── source-map@0.1.34
118 silly idealTree ├── uniq@1.0.1
118 silly idealTree ├── uniqid@4.1.0
118 silly idealTree ├── uniqs@2.0.0
118 silly idealTree ├── unpipe@1.0.0
118 silly idealTree ├── url-parse@1.1.7
118 silly idealTree ├─┬ url@0.11.0
118 silly idealTree │ └── punycode@1.3.2
118 silly idealTree ├── util-deprecate@1.0.2
118 silly idealTree ├─┬ util@0.10.3
118 silly idealTree │ └── inherits@2.0.1
118 silly idealTree ├── utils-merge@1.0.0
118 silly idealTree ├── uuid@2.0.3
118 silly idealTree ├── vary@1.1.0
118 silly idealTree ├── vendors@1.0.1
118 silly idealTree ├── vm-browserify@0.0.4
118 silly idealTree ├─┬ watchpack@0.2.9
118 silly idealTree │ └── async@0.9.2
118 silly idealTree ├─┬ webpack-core@0.6.9
118 silly idealTree │ └── source-map@0.4.4
118 silly idealTree ├── webpack-dev-middleware@1.8.4
118 silly idealTree ├── webpack-dev-server@1.16.2
118 silly idealTree ├─┬ webpack@1.14.0
118 silly idealTree │ ├── async@1.5.2
118 silly idealTree │ ├─┬ uglify-js@2.7.5
118 silly idealTree │ │ └── async@0.2.10
118 silly idealTree │ └── yargs@3.10.0
118 silly idealTree ├── websocket-driver@0.6.5
118 silly idealTree ├── websocket-extensions@0.1.1
118 silly idealTree ├── whet.extend@0.9.9
118 silly idealTree ├── window-size@0.1.0
118 silly idealTree ├── wordwrap@0.0.3
118 silly idealTree ├── xtend@4.0.1
118 silly idealTree └── yargs@1.3.3
119 silly generateActionsToTake Starting
120 silly install generateActionsToTake
121 silly rollbackFailedOptional Starting
122 silly rollbackFailedOptional Finishing
123 silly runTopLevelLifecycles Starting
124 silly runTopLevelLifecycles Finishing
125 silly install printInstalled
126 verbose stack Error: /Users/cheft/Documents/github/coala-starter-kit/node_modules/coala-dot-loader: Appears to be a git repo or submodule.
126 verbose stack     at /usr/local/lib/node_modules/npm/node_modules/npm-install-checks/index.js:137:15
126 verbose stack     at FSReqWrap.oncomplete (fs.js:123:15)
127 verbose cwd /Users/cheft/Documents/github/coala-starter-kit
128 error Darwin 16.1.0
129 error argv "/usr/local/bin/node" "/usr/local/bin/npm" "i" "dot" "--save-dev"
130 error node v6.6.0
131 error npm  v3.10.3
132 error path /Users/cheft/Documents/github/coala-starter-kit/node_modules/coala-dot-loader
133 error code EISGIT
134 error git /Users/cheft/Documents/github/coala-starter-kit/node_modules/coala-dot-loader: Appears to be a git repo or submodule.
135 error git /Users/cheft/Documents/github/coala-starter-kit/node_modules/coala-dot-loader
136 error git Refusing to remove it. Update manually,
136 error git or move it out of the way first.
137 verbose exit [ 1, true ]
